Started by user [8mha:////4FWy+uPd/RECZM/4Su9V8g+pTIzCHbMgCoJQy8MNOhjiAAAAlx+LCAAAAAAAAP9b85aBtbiIQTGjNKU4P08vOT+vOD8nVc83PyU1x6OyILUoJzMv2y+/JJUBAhiZGBgqihhk0NSjKDWzXb3RdlLBUSYGJk8GtpzUvPSSDB8G5tKinBIGIZ+sxLJE/ZzEvHT94JKizLx0a6BxUmjGOUNodHsLgAzWEgZu/dLi1CL9xJTczDwAj6GcLcAAAAA=[0madmin
[Wed Jun 25 08:15:10 UTC 2025] Starting branch indexing...
[8mha:////4N3x4AnDfkb3vxvzIXL6+RX5T6aZCHJPZSbzBxXMS8UYAAAAhB+LCAAAAAAAAP9b85aBtbiIwSa/KF0vKzUvOzOvODlTryCnNB3I0kvPLMkoTYpPKkrMS86IL84vLUpO1XPPLPEoTXLOzyvOz0n1yy9JZYAARiYGRi8GzpLM3NTiksTcgooiBqmM0pTi/Dy9ZIhiPayaGCoKgPT0Zep7/AGGcxy5jgAAAA==[0mConnecting to https://api.github.com using Anderson-chen/******
[8mha:////4BYDFuaIMikrrvOvpvwVS95dpB9dNBpyqmc/laBq6zxHAAAAhR+LCAAAAAAAAP9b85aBtbiIwSa/KF0vKzUvOzOvODlTryCnNB3I0kvPLMkoTYpPKkrMS86IL84vLUpO1XPPLPEoTXLOzyvOz0n1yy9JZYAARiYGRi8GzpLM3NTiksTcgooiBqmM0pTi/Dy9ZIhiPayaGCoKgPT0Zep79wAAYeGzhI4AAAA=[0mGitHub throttling is disabled, which is not allowed for public GitHub usage, so ThrottleOnOver will be used instead. To configure a different rate limiting strategy, go to "GitHub API usage" under "Configure System" in the Jenkins settings.
Examining [8mha:////4N79wtjBAUNBlHC+e2PlSA0hueg1ntuGy1hL/WarmXZlAAAApx+LCAAAAAAAAP9b85aBtbiIQSajNKU4P08vOT+vOD8nVc+jsiC1KCczL9svvyTVzHb1RttJBUeZGJg8GdhyUvPSSzJ8GJhLi3JKGIR8shLLEvVzEvPS9YNLijLz0q0rihik0IxzhtAgwxgggJGJgaGiAMgQLWHQyCgpKSi20tdPzyzJKE0C6srVd8xLSS0CGqGbnJGap5+cnJOam58HAGhlg9qtAAAA[0mAnderson-chen/cclemon

  Checking branches...

  Getting remote branches...

    Checking branch [8mha:////4Cn63rnFsz8+UgKU7MkJNaUMwOffaZZbGpmPStbFqgWrAAAAsR+LCAAAAAAAAP9b85aBtbiIQSajNKU4P08vOT+vOD8nVc+jsiC1KCczL9svvyTVzHb1RttJBUeZGJg8GdhyUvPSSzJ8GJhLi3JKGIR8shLLEvVzEvPS9YNLijLz0q0rihik0IxzhtAgwxgggJGJgaGiAMhgKWEwyigpKSi20tdPzyzJKE0C6srVd8xLSS0CGqGbnJGap5+cnJOam5+nX1KUmqqfm5iZBwDTbCritwAAAA==[0mmain

  Getting remote pull requests...
      ‘cd/Jenkinsfile’ found
    Met criteria
Takeover for [8mha:////4LOBn1yRICbQ7UUi+9FTx8a6nHqr69zqnKnEZYoE5AijAAAAph+LCAAAAAAAAP9b85aBtbiIQTGjNKU4P08vOT+vOD8nVc83PyU1x6OyILUoJzMv2y+/JJUBAhiZGBgqihhk0NSjKDWzXb3RdlLBUSYGJk8GtpzUvPSSDB8G5tKinBIGIZ+sxLJE/ZzEvHT94JKizLx0a6BxUmjGOUNodHsLgAzREgZZ/az8JP3k5JzU3Pw83ZTUgpz8SrBQbmJmnj4AIYaKKNIAAAA=[0mcclemon-deploy » main by source #1 from source that no longer exists
Branch reopened: main (ad15ea40809afe4512d59bd76a94057dad5c9c1b)
Scheduled build for branch: main

  1 branches were processed

  Checking pull-requests...

  0 pull requests were processed

Finished examining Anderson-chen/cclemon

[Wed Jun 25 08:15:13 UTC 2025] Finished branch indexing. Indexing took 2.4 sec
Finished: SUCCESS
